{"level":"info","message":"Loaded configuration: \n{\"server\":{\"ip\":\"localhost\",\"port\":8080},\"database\":{\"host\":\"localhost\",\"port\":3306,\"user\":\"\",\"password\":\"\",\"database\":\"counterdraft_development\",\"table\":\"log\",\"level\":\"info\",\"multipleStatements\":true},\"email\":{\"service\":\"Gmail\",\"secureConnection\":true,\"port\":465,\"transportMethod\":\"SMTP\",\"auth\":{\"user\":\"\",\"pass\":\"\"}}}","timestamp":"2015-09-30T05:40:39.447Z"}
{"level":"info","message":"Server started.","timestamp":"2015-09-30T05:40:39.528Z"}
{"level":"info","message":"Listening on port: 8080","timestamp":"2015-09-30T05:40:39.528Z"}
{"level":"info","message":"Loaded configuration: \n{\"server\":{\"ip\":\"localhost\",\"port\":8080},\"database\":{\"host\":\"localhost\",\"port\":3306,\"user\":\"\",\"password\":\"\",\"database\":\"counterdraft_development\",\"table\":\"log\",\"level\":\"info\",\"multipleStatements\":true},\"email\":{\"service\":\"Gmail\",\"secureConnection\":true,\"port\":465,\"transportMethod\":\"SMTP\",\"auth\":{\"user\":\"\",\"pass\":\"\"}}}","timestamp":"2015-09-30T05:47:04.957Z"}
{"level":"info","message":"Server started.","timestamp":"2015-09-30T05:47:05.072Z"}
{"level":"info","message":"Listening on port: 8080","timestamp":"2015-09-30T05:47:05.072Z"}
{"level":"info","message":"Loaded configuration: \n{\"server\":{\"ip\":\"localhost\",\"port\":8080},\"database\":{\"host\":\"localhost\",\"port\":3306,\"user\":\"\",\"password\":\"\",\"database\":\"counterdraft_development\",\"table\":\"log\",\"level\":\"info\",\"multipleStatements\":true},\"email\":{\"service\":\"Gmail\",\"secureConnection\":true,\"port\":465,\"transportMethod\":\"SMTP\",\"auth\":{\"user\":\"\",\"pass\":\"\"}}}","timestamp":"2015-09-30T05:57:51.230Z"}
{"level":"info","message":"Server started.","timestamp":"2015-09-30T05:57:51.354Z"}
{"level":"info","message":"Listening on port: 8080","timestamp":"2015-09-30T05:57:51.354Z"}
{"level":"info","message":"Loaded configuration: \n{\"server\":{\"ip\":\"localhost\",\"port\":8080},\"database\":{\"host\":\"localhost\",\"port\":3306,\"user\":\"\",\"password\":\"\",\"database\":\"counterdraft_development\",\"table\":\"log\",\"level\":\"info\",\"multipleStatements\":true},\"email\":{\"service\":\"Gmail\",\"secureConnection\":true,\"port\":465,\"transportMethod\":\"SMTP\",\"auth\":{\"user\":\"\",\"pass\":\"\"}}}","timestamp":"2015-09-30T06:38:16.077Z"}
{"level":"info","message":"Server started.","timestamp":"2015-09-30T06:38:16.206Z"}
{"level":"info","message":"Listening on port: 8080","timestamp":"2015-09-30T06:38:16.207Z"}
{"level":"info","message":"Loaded configuration: \n{\"server\":{\"ip\":\"localhost\",\"port\":8080},\"database\":{\"host\":\"localhost\",\"port\":3306,\"user\":\"\",\"password\":\"\",\"database\":\"counterdraft_development\",\"table\":\"log\",\"level\":\"info\",\"multipleStatements\":true},\"email\":{\"service\":\"Gmail\",\"secureConnection\":true,\"port\":465,\"transportMethod\":\"SMTP\",\"auth\":{\"user\":\"\",\"pass\":\"\"}}}","timestamp":"2015-09-30T06:40:25.897Z"}
{"level":"info","message":"Server started.","timestamp":"2015-09-30T06:40:26.011Z"}
{"level":"info","message":"Listening on port: 8080","timestamp":"2015-09-30T06:40:26.011Z"}
{"level":"info","message":"Loaded configuration: \n{\"server\":{\"ip\":\"localhost\",\"port\":8080},\"database\":{\"host\":\"localhost\",\"port\":3306,\"user\":\"\",\"password\":\"\",\"database\":\"counterdraft_development\",\"table\":\"log\",\"level\":\"info\",\"multipleStatements\":true},\"email\":{\"service\":\"Gmail\",\"secureConnection\":true,\"port\":465,\"transportMethod\":\"SMTP\",\"auth\":{\"user\":\"\",\"pass\":\"\"}}}","timestamp":"2015-10-02T14:14:57.877Z"}
{"level":"info","message":"Server started.","timestamp":"2015-10-02T14:14:58.206Z"}
{"level":"info","message":"Listening on port: 8080","timestamp":"2015-10-02T14:14:58.207Z"}
{"level":"info","message":"Loaded configuration: \n{\"server\":{\"ip\":\"localhost\",\"port\":8080},\"database\":{\"host\":\"localhost\",\"port\":3306,\"user\":\"\",\"password\":\"\",\"database\":\"counterdraft_development\",\"table\":\"log\",\"level\":\"info\",\"multipleStatements\":true},\"email\":{\"service\":\"Gmail\",\"secureConnection\":true,\"port\":465,\"transportMethod\":\"SMTP\",\"auth\":{\"user\":\"\",\"pass\":\"\"}}}","timestamp":"2015-10-03T11:42:12.073Z"}
{"level":"info","message":"Server started.","timestamp":"2015-10-03T11:42:12.208Z"}
{"level":"info","message":"Listening on port: 8080","timestamp":"2015-10-03T11:42:12.208Z"}
{"level":"info","message":"Loaded configuration: \n{\"server\":{\"ip\":\"localhost\",\"port\":8080},\"database\":{\"host\":\"localhost\",\"port\":3306,\"user\":\"\",\"password\":\"\",\"database\":\"counterdraft_development\",\"table\":\"log\",\"level\":\"info\",\"multipleStatements\":true},\"email\":{\"service\":\"Gmail\",\"secureConnection\":true,\"port\":465,\"transportMethod\":\"SMTP\",\"auth\":{\"user\":\"\",\"pass\":\"\"}}}","timestamp":"2015-10-03T17:12:10.094Z"}
{"level":"info","message":"Server started.","timestamp":"2015-10-03T17:12:10.224Z"}
{"level":"info","message":"Listening on port: 8080","timestamp":"2015-10-03T17:12:10.225Z"}
{"level":"info","message":"Loaded configuration: \n{\"server\":{\"ip\":\"localhost\",\"port\":8080},\"database\":{\"host\":\"localhost\",\"port\":3306,\"user\":\"\",\"password\":\"\",\"database\":\"counterdraft_development\",\"table\":\"log\",\"level\":\"info\",\"multipleStatements\":true},\"email\":{\"service\":\"Gmail\",\"secureConnection\":true,\"port\":465,\"transportMethod\":\"SMTP\",\"auth\":{\"user\":\"\",\"pass\":\"\"}}}","timestamp":"2015-10-03T18:06:51.595Z"}
{"level":"info","message":"Server started.","timestamp":"2015-10-03T18:06:51.717Z"}
{"level":"info","message":"Listening on port: 8080","timestamp":"2015-10-03T18:06:51.718Z"}
{"level":"info","message":"Loaded configuration: \n{\"server\":{\"ip\":\"localhost\",\"port\":8080},\"database\":{\"host\":\"localhost\",\"port\":3306,\"user\":\"\",\"password\":\"\",\"database\":\"counterdraft_development\",\"table\":\"log\",\"level\":\"info\",\"multipleStatements\":true},\"email\":{\"service\":\"Gmail\",\"secureConnection\":true,\"port\":465,\"transportMethod\":\"SMTP\",\"auth\":{\"user\":\"\",\"pass\":\"\"}}}","timestamp":"2015-10-04T00:42:09.829Z"}
{"level":"info","message":"Server started.","timestamp":"2015-10-04T00:42:09.962Z"}
{"level":"info","message":"Listening on port: 8080","timestamp":"2015-10-04T00:42:09.962Z"}
{"level":"info","message":"Loaded configuration: \n{\"server\":{\"ip\":\"localhost\",\"port\":8080},\"database\":{\"host\":\"localhost\",\"port\":3306,\"user\":\"\",\"password\":\"\",\"database\":\"counterdraft_development\",\"table\":\"log\",\"level\":\"info\",\"multipleStatements\":true},\"email\":{\"service\":\"Gmail\",\"secureConnection\":true,\"port\":465,\"transportMethod\":\"SMTP\",\"auth\":{\"user\":\"\",\"pass\":\"\"}}}","timestamp":"2015-10-04T00:52:32.535Z"}
{"level":"info","message":"Server started.","timestamp":"2015-10-04T00:52:32.641Z"}
{"level":"info","message":"Listening on port: 8080","timestamp":"2015-10-04T00:52:32.641Z"}
{"level":"info","message":"Loaded configuration: \n{\"server\":{\"ip\":\"localhost\",\"port\":8080},\"database\":{\"host\":\"localhost\",\"port\":3306,\"user\":\"\",\"password\":\"\",\"database\":\"counterdraft_development\",\"table\":\"log\",\"level\":\"info\",\"multipleStatements\":true},\"email\":{\"service\":\"Gmail\",\"secureConnection\":true,\"port\":465,\"transportMethod\":\"SMTP\",\"auth\":{\"user\":\"\",\"pass\":\"\"}}}","timestamp":"2015-10-04T00:54:30.967Z"}
{"level":"info","message":"Server started.","timestamp":"2015-10-04T00:54:31.039Z"}
{"level":"info","message":"Listening on port: 8080","timestamp":"2015-10-04T00:54:31.039Z"}
{"level":"info","message":"Loaded configuration: \n{\"server\":{\"ip\":\"localhost\",\"port\":8080},\"database\":{\"host\":\"localhost\",\"port\":3306,\"user\":\"\",\"password\":\"\",\"database\":\"counterdraft_development\",\"table\":\"log\",\"level\":\"info\",\"multipleStatements\":true},\"email\":{\"service\":\"Gmail\",\"secureConnection\":true,\"port\":465,\"transportMethod\":\"SMTP\",\"auth\":{\"user\":\"\",\"pass\":\"\"}}}","timestamp":"2015-10-04T00:59:02.001Z"}
{"level":"info","message":"Server started.","timestamp":"2015-10-04T00:59:02.109Z"}
{"level":"info","message":"Listening on port: 8080","timestamp":"2015-10-04T00:59:02.109Z"}
{"level":"info","message":"Loaded configuration: \n{\"server\":{\"ip\":\"localhost\",\"port\":8080},\"database\":{\"host\":\"localhost\",\"port\":3306,\"user\":\"\",\"password\":\"\",\"database\":\"counterdraft_development\",\"table\":\"log\",\"level\":\"info\",\"multipleStatements\":true},\"email\":{\"service\":\"Gmail\",\"secureConnection\":true,\"port\":465,\"transportMethod\":\"SMTP\",\"auth\":{\"user\":\"\",\"pass\":\"\"}}}","timestamp":"2015-10-04T01:13:32.059Z"}
{"level":"info","message":"Server started.","timestamp":"2015-10-04T01:13:32.182Z"}
{"level":"info","message":"Listening on port: 8080","timestamp":"2015-10-04T01:13:32.182Z"}
{"level":"info","message":"Loaded configuration: \n{\"server\":{\"ip\":\"localhost\",\"port\":8080},\"database\":{\"host\":\"localhost\",\"port\":3306,\"user\":\"\",\"password\":\"\",\"database\":\"counterdraft_development\",\"table\":\"log\",\"level\":\"info\",\"multipleStatements\":true},\"email\":{\"service\":\"Gmail\",\"secureConnection\":true,\"port\":465,\"transportMethod\":\"SMTP\",\"auth\":{\"user\":\"\",\"pass\":\"\"}}}","timestamp":"2015-10-04T01:29:11.955Z"}
{"level":"info","message":"Server started.","timestamp":"2015-10-04T01:29:12.060Z"}
{"level":"info","message":"Listening on port: 8080","timestamp":"2015-10-04T01:29:12.060Z"}
{"level":"info","message":"Loaded configuration: \n{\"server\":{\"ip\":\"localhost\",\"port\":8080},\"database\":{\"host\":\"localhost\",\"port\":3306,\"user\":\"\",\"password\":\"\",\"database\":\"counterdraft_development\",\"table\":\"log\",\"level\":\"info\",\"multipleStatements\":true},\"email\":{\"service\":\"Gmail\",\"secureConnection\":true,\"port\":465,\"transportMethod\":\"SMTP\",\"auth\":{\"user\":\"\",\"pass\":\"\"}}}","timestamp":"2015-10-04T01:36:55.321Z"}
{"level":"info","message":"Server started.","timestamp":"2015-10-04T01:36:55.427Z"}
{"level":"info","message":"Listening on port: 8080","timestamp":"2015-10-04T01:36:55.428Z"}
{"level":"info","message":"Loaded configuration: \n{\"server\":{\"ip\":\"localhost\",\"port\":8080},\"database\":{\"host\":\"localhost\",\"port\":3306,\"user\":\"\",\"password\":\"\",\"database\":\"counterdraft_development\",\"table\":\"log\",\"level\":\"info\",\"multipleStatements\":true},\"email\":{\"service\":\"Gmail\",\"secureConnection\":true,\"port\":465,\"transportMethod\":\"SMTP\",\"auth\":{\"user\":\"\",\"pass\":\"\"}}}","timestamp":"2015-10-04T01:38:29.274Z"}
{"level":"info","message":"Server started.","timestamp":"2015-10-04T01:38:29.344Z"}
{"level":"info","message":"Listening on port: 8080","timestamp":"2015-10-04T01:38:29.345Z"}
{"level":"info","message":"Loaded configuration: \n{\"server\":{\"ip\":\"localhost\",\"port\":8080},\"database\":{\"host\":\"localhost\",\"port\":3306,\"user\":\"\",\"password\":\"\",\"database\":\"counterdraft_development\",\"table\":\"log\",\"level\":\"info\",\"multipleStatements\":true},\"email\":{\"service\":\"Gmail\",\"secureConnection\":true,\"port\":465,\"transportMethod\":\"SMTP\",\"auth\":{\"user\":\"\",\"pass\":\"\"}}}","timestamp":"2015-10-04T01:45:47.162Z"}
{"level":"info","message":"Server started.","timestamp":"2015-10-04T01:45:47.267Z"}
{"level":"info","message":"Listening on port: 8080","timestamp":"2015-10-04T01:45:47.267Z"}
{"level":"info","message":"Loaded configuration: \n{\"server\":{\"ip\":\"localhost\",\"port\":8080},\"database\":{\"host\":\"localhost\",\"port\":3306,\"user\":\"\",\"password\":\"\",\"database\":\"counterdraft_development\",\"table\":\"log\",\"level\":\"info\",\"multipleStatements\":true},\"email\":{\"service\":\"Gmail\",\"secureConnection\":true,\"port\":465,\"transportMethod\":\"SMTP\",\"auth\":{\"user\":\"\",\"pass\":\"\"}}}","timestamp":"2015-10-04T01:50:25.853Z"}
{"level":"info","message":"Server started.","timestamp":"2015-10-04T01:50:25.960Z"}
{"level":"info","message":"Listening on port: 8080","timestamp":"2015-10-04T01:50:25.961Z"}
{"level":"info","message":"Loaded configuration: \n{\"server\":{\"ip\":\"localhost\",\"port\":8080},\"database\":{\"host\":\"localhost\",\"port\":3306,\"user\":\"\",\"password\":\"\",\"database\":\"counterdraft_development\",\"table\":\"log\",\"level\":\"info\",\"multipleStatements\":true},\"email\":{\"service\":\"Gmail\",\"secureConnection\":true,\"port\":465,\"transportMethod\":\"SMTP\",\"auth\":{\"user\":\"\",\"pass\":\"\"}}}","timestamp":"2015-10-04T01:51:51.009Z"}
{"level":"info","message":"Server started.","timestamp":"2015-10-04T01:51:51.078Z"}
{"level":"info","message":"Listening on port: 8080","timestamp":"2015-10-04T01:51:51.078Z"}
{"level":"info","message":"Loaded configuration: \n{\"server\":{\"ip\":\"localhost\",\"port\":8080},\"database\":{\"host\":\"localhost\",\"port\":3306,\"user\":\"\",\"password\":\"\",\"database\":\"counterdraft_development\",\"table\":\"log\",\"level\":\"info\",\"multipleStatements\":true},\"email\":{\"service\":\"Gmail\",\"secureConnection\":true,\"port\":465,\"transportMethod\":\"SMTP\",\"auth\":{\"user\":\"\",\"pass\":\"\"}}}","timestamp":"2015-10-04T01:55:16.455Z"}
{"level":"info","message":"Server started.","timestamp":"2015-10-04T01:55:16.577Z"}
{"level":"info","message":"Listening on port: 8080","timestamp":"2015-10-04T01:55:16.577Z"}
{"level":"info","message":"Loaded configuration: \n{\"server\":{\"ip\":\"localhost\",\"port\":8080},\"database\":{\"host\":\"localhost\",\"port\":3306,\"user\":\"\",\"password\":\"\",\"database\":\"counterdraft_development\",\"table\":\"log\",\"level\":\"info\",\"multipleStatements\":true},\"email\":{\"service\":\"Gmail\",\"secureConnection\":true,\"port\":465,\"transportMethod\":\"SMTP\",\"auth\":{\"user\":\"\",\"pass\":\"\"}}}","timestamp":"2015-10-04T19:19:09.164Z"}
{"level":"info","message":"Server started.","timestamp":"2015-10-04T19:19:09.295Z"}
{"level":"info","message":"Listening on port: 8080","timestamp":"2015-10-04T19:19:09.295Z"}
{"level":"info","message":"Loaded configuration: \n{\"server\":{\"ip\":\"localhost\",\"port\":8080},\"database\":{\"host\":\"localhost\",\"port\":3306,\"user\":\"\",\"password\":\"\",\"database\":\"counterdraft_development\",\"table\":\"log\",\"level\":\"info\",\"multipleStatements\":true},\"email\":{\"service\":\"Gmail\",\"secureConnection\":true,\"port\":465,\"transportMethod\":\"SMTP\",\"auth\":{\"user\":\"\",\"pass\":\"\"}}}","timestamp":"2015-10-05T00:09:34.832Z"}
{"level":"info","message":"Server started.","timestamp":"2015-10-05T00:09:34.957Z"}
{"level":"info","message":"Listening on port: 8080","timestamp":"2015-10-05T00:09:34.957Z"}
{"level":"info","message":"Loaded configuration: \n{\"server\":{\"ip\":\"localhost\",\"port\":8080},\"database\":{\"host\":\"localhost\",\"port\":3306,\"user\":\"\",\"password\":\"\",\"database\":\"counterdraft_development\",\"table\":\"log\",\"level\":\"info\",\"multipleStatements\":true},\"email\":{\"service\":\"Gmail\",\"secureConnection\":true,\"port\":465,\"transportMethod\":\"SMTP\",\"auth\":{\"user\":\"\",\"pass\":\"\"}}}","timestamp":"2015-10-05T01:09:16.826Z"}
{"level":"info","message":"Server started.","timestamp":"2015-10-05T01:09:16.949Z"}
{"level":"info","message":"Listening on port: 8080","timestamp":"2015-10-05T01:09:16.950Z"}
{"level":"info","message":"Loaded configuration: \n{\"server\":{\"ip\":\"localhost\",\"port\":8080},\"database\":{\"host\":\"localhost\",\"port\":3306,\"user\":\"\",\"password\":\"\",\"database\":\"counterdraft_development\",\"table\":\"log\",\"level\":\"info\",\"multipleStatements\":true},\"email\":{\"service\":\"Gmail\",\"secureConnection\":true,\"port\":465,\"transportMethod\":\"SMTP\",\"auth\":{\"user\":\"\",\"pass\":\"\"}}}","timestamp":"2015-10-05T01:10:10.292Z"}
{"level":"info","message":"Server started.","timestamp":"2015-10-05T01:10:10.362Z"}
{"level":"info","message":"Listening on port: 8080","timestamp":"2015-10-05T01:10:10.362Z"}
{"level":"info","message":"Loaded configuration: \n{\"server\":{\"ip\":\"localhost\",\"port\":8080},\"database\":{\"host\":\"localhost\",\"port\":3306,\"user\":\"\",\"password\":\"\",\"database\":\"counterdraft_development\",\"table\":\"log\",\"level\":\"info\",\"multipleStatements\":true},\"email\":{\"service\":\"Gmail\",\"secureConnection\":true,\"port\":465,\"transportMethod\":\"SMTP\",\"auth\":{\"user\":\"\",\"pass\":\"\"}}}","timestamp":"2015-10-05T17:10:36.763Z"}
{"level":"info","message":"Server started.","timestamp":"2015-10-05T17:10:36.877Z"}
{"level":"info","message":"Listening on port: 8080","timestamp":"2015-10-05T17:10:36.877Z"}
{"level":"info","message":"Loaded configuration: \n{\"server\":{\"ip\":\"localhost\",\"port\":8080},\"database\":{\"host\":\"localhost\",\"port\":3306,\"user\":\"\",\"password\":\"\",\"database\":\"counterdraft_development\",\"table\":\"log\",\"level\":\"info\",\"multipleStatements\":true},\"email\":{\"service\":\"Gmail\",\"secureConnection\":true,\"port\":465,\"transportMethod\":\"SMTP\",\"auth\":{\"user\":\"\",\"pass\":\"\"}}}","timestamp":"2015-10-06T01:47:57.170Z"}
{"level":"info","message":"Server started.","timestamp":"2015-10-06T01:47:57.292Z"}
{"level":"info","message":"Listening on port: 8080","timestamp":"2015-10-06T01:47:57.292Z"}
{"level":"info","message":"Loaded configuration: \n[object Object]","timestamp":"2015-10-06T01:48:48.723Z"}
{"level":"info","message":"Server started.","timestamp":"2015-10-06T01:48:48.787Z"}
{"level":"info","message":"Listening on port: 8080","timestamp":"2015-10-06T01:48:48.787Z"}
{"level":"info","message":"Loaded configuration: \n{ server: { ip: 'localhost', port: 8080 },\n  database: \n   { host: 'localhost',\n     port: 3306,\n     user: '',\n     password: '',\n     database: 'counterdraft_development',\n     table: 'log',\n     level: 'info',\n     multipleStatements: true },\n  email: \n   { service: 'Gmail',\n     secureConnection: true,\n     port: 465,\n     transportMethod: 'SMTP',\n     auth: { user: '', pass: '' } } }","timestamp":"2015-10-06T01:54:31.557Z"}
{"level":"info","message":"Server started.","timestamp":"2015-10-06T01:54:31.625Z"}
{"level":"info","message":"Listening on port: 8080","timestamp":"2015-10-06T01:54:31.626Z"}
{"level":"info","message":"Loaded configuration: \n{ server: { ip: 'localhost', port: 8080 },\n  database: \n   { host: 'localhost',\n     port: 3306,\n     user: '',\n     password: '',\n     database: 'counterdraft_development',\n     table: 'log',\n     level: 'info',\n     multipleStatements: true },\n  email: \n   { service: 'Gmail',\n     secureConnection: true,\n     port: 465,\n     transportMethod: 'SMTP',\n     auth: { user: '', pass: '' } } }","timestamp":"2015-10-06T02:12:24.497Z"}
{"level":"info","message":"Server started.","timestamp":"2015-10-06T02:12:24.563Z"}
{"level":"info","message":"Listening on port: 8080","timestamp":"2015-10-06T02:12:24.563Z"}
{"level":"info","message":"Loaded configuration: \n{ server: { ip: 'localhost', port: 8080 },\n  database: \n   { host: 'localhost',\n     port: 3306,\n     user: '',\n     password: '',\n     database: 'counterdraft_development',\n     table: 'log',\n     level: 'info',\n     multipleStatements: true },\n  email: \n   { service: 'Gmail',\n     secureConnection: true,\n     port: 465,\n     transportMethod: 'SMTP',\n     auth: { user: '', pass: '' } } }","timestamp":"2015-10-06T02:13:45.586Z"}
{"level":"info","message":"Server started.","timestamp":"2015-10-06T02:13:45.588Z"}
{"level":"info","message":"Listening on port: 8080","timestamp":"2015-10-06T02:13:45.588Z"}
{"level":"info","message":"Loaded configuration: \n{ server: { ip: 'localhost', port: 8080 },\n  database: \n   { host: 'localhost',\n     port: 3306,\n     user: '',\n     password: '',\n     database: 'counterdraft_development',\n     table: 'log',\n     level: 'info',\n     multipleStatements: true },\n  email: \n   { service: 'Gmail',\n     secureConnection: true,\n     port: 465,\n     transportMethod: 'SMTP',\n     auth: { user: '', pass: '' } } }","timestamp":"2015-10-06T02:15:07.651Z"}
{"level":"info","message":"Server started.","timestamp":"2015-10-06T02:15:07.653Z"}
{"level":"info","message":"Listening on port: 8080","timestamp":"2015-10-06T02:15:07.653Z"}
{"level":"info","message":"Loaded configuration: \n{ server: { ip: 'localhost', port: 8080 },\n  database: \n   { host: 'localhost',\n     port: 3306,\n     user: '',\n     password: '',\n     database: 'counterdraft_development',\n     table: 'log',\n     level: 'info',\n     multipleStatements: true },\n  email: \n   { service: 'Gmail',\n     secureConnection: true,\n     port: 465,\n     transportMethod: 'SMTP',\n     auth: { user: '', pass: '' } } }","timestamp":"2015-10-06T02:18:17.560Z"}
{"level":"info","message":"Server started.","timestamp":"2015-10-06T02:18:17.561Z"}
{"level":"info","message":"Listening on port: 8080","timestamp":"2015-10-06T02:18:17.561Z"}
{"level":"info","message":"Loaded configuration: \n{ server: { ip: 'localhost', port: 8080 },\n  database: \n   { host: 'localhost',\n     port: 3306,\n     user: '',\n     password: '',\n     database: 'counterdraft_development',\n     table: 'log',\n     level: 'info',\n     multipleStatements: true },\n  email: \n   { service: 'Gmail',\n     secureConnection: true,\n     port: 465,\n     transportMethod: 'SMTP',\n     auth: { user: '', pass: '' } } }","timestamp":"2015-10-06T02:19:13.816Z"}
{"level":"info","message":"Server started.","timestamp":"2015-10-06T02:19:13.818Z"}
{"level":"info","message":"Listening on port: 8080","timestamp":"2015-10-06T02:19:13.818Z"}
{"level":"info","message":"Loaded configuration: \n{ server: { ip: 'localhost', port: 8080 },\n  database: \n   { host: 'localhost',\n     port: 3306,\n     user: '',\n     password: '',\n     database: 'counterdraft_development',\n     table: 'log',\n     level: 'info',\n     multipleStatements: true },\n  email: \n   { service: 'Gmail',\n     secureConnection: true,\n     port: 465,\n     transportMethod: 'SMTP',\n     auth: { user: '', pass: '' } } }","timestamp":"2015-10-06T02:19:56.034Z"}
{"level":"info","message":"Server started.","timestamp":"2015-10-06T02:19:56.035Z"}
{"level":"info","message":"Listening on port: 8080","timestamp":"2015-10-06T02:19:56.035Z"}
{"level":"info","message":"Loaded configuration: \n{ server: { ip: 'localhost', port: 8080 },\n  database: \n   { host: 'localhost',\n     port: 3306,\n     user: '',\n     password: '',\n     database: 'counterdraft_development',\n     table: 'log',\n     level: 'info',\n     multipleStatements: true },\n  email: \n   { service: 'Gmail',\n     secureConnection: true,\n     port: 465,\n     transportMethod: 'SMTP',\n     auth: { user: '', pass: '' } } }","timestamp":"2015-10-06T02:23:56.344Z"}
{"level":"info","message":"Server started.","timestamp":"2015-10-06T02:23:56.346Z"}
{"level":"info","message":"Listening on port: 8080","timestamp":"2015-10-06T02:23:56.346Z"}
{"level":"info","message":"Loaded configuration: \n{ server: { ip: 'localhost', port: 8080 },\n  database: \n   { host: 'localhost',\n     port: 3306,\n     user: '',\n     password: '',\n     database: 'counterdraft_development',\n     table: 'log',\n     level: 'info',\n     multipleStatements: true },\n  email: \n   { service: 'Gmail',\n     secureConnection: true,\n     port: 465,\n     transportMethod: 'SMTP',\n     auth: { user: '', pass: '' } } }","timestamp":"2015-10-06T15:49:41.637Z"}
{"level":"info","message":"Server started.","timestamp":"2015-10-06T15:49:41.639Z"}
{"level":"info","message":"Listening on port: 8080","timestamp":"2015-10-06T15:49:41.639Z"}
{"level":"info","message":"Loaded configuration: \n{\"server\":{\"ip\":\"localhost\",\"port\":8080},\"database\":{\"host\":\"localhost\",\"port\":3306,\"user\":\"\",\"password\":\"\",\"database\":\"counterdraft_development\",\"table\":\"log\",\"level\":\"info\",\"multipleStatements\":true},\"email\":{\"service\":\"Gmail\",\"secureConnection\":true,\"port\":465,\"transportMethod\":\"SMTP\",\"auth\":{\"user\":\"\",\"pass\":\"\"}}}","timestamp":"2015-10-06T15:54:17.607Z"}
{"level":"info","message":"Server started.","timestamp":"2015-10-06T15:54:17.688Z"}
{"level":"info","message":"Listening on port: 8080","timestamp":"2015-10-06T15:54:17.688Z"}
{"level":"info","message":"Loaded configuration: \n{\"server\":{\"ip\":\"localhost\",\"port\":8080},\"database\":{\"host\":\"localhost\",\"port\":3306,\"user\":\"\",\"password\":\"\",\"database\":\"counterdraft_development\",\"table\":\"log\",\"level\":\"info\",\"multipleStatements\":true},\"email\":{\"service\":\"Gmail\",\"secureConnection\":true,\"port\":465,\"transportMethod\":\"SMTP\",\"auth\":{\"user\":\"\",\"pass\":\"\"}}}","timestamp":"2015-10-06T15:55:10.468Z"}
{"level":"info","message":"Server started.","timestamp":"2015-10-06T15:55:10.536Z"}
{"level":"info","message":"Listening on port: 8080","timestamp":"2015-10-06T15:55:10.537Z"}
{"level":"info","message":"Loaded configuration: \n{\"server\":{\"ip\":\"localhost\",\"port\":8080},\"database\":{\"host\":\"localhost\",\"port\":3306,\"user\":\"\",\"password\":\"\",\"database\":\"counterdraft_development\",\"table\":\"log\",\"level\":\"info\",\"multipleStatements\":true},\"email\":{\"service\":\"Gmail\",\"secureConnection\":true,\"port\":465,\"transportMethod\":\"SMTP\",\"auth\":{\"user\":\"\",\"pass\":\"\"}}}","timestamp":"2015-10-06T15:56:03.904Z"}
{"level":"info","message":"Server started.","timestamp":"2015-10-06T15:56:03.974Z"}
{"level":"info","message":"Listening on port: 8080","timestamp":"2015-10-06T15:56:03.974Z"}
{"level":"info","message":"Loaded configuration: \n{ server: { ip: 'localhost', port: 8080 },\n  database: \n   { host: 'localhost',\n     port: 3306,\n     user: '',\n     password: '',\n     database: 'counterdraft_development',\n     table: 'log',\n     level: 'info',\n     multipleStatements: true },\n  email: \n   { service: 'Gmail',\n     secureConnection: true,\n     port: 465,\n     transportMethod: 'SMTP',\n     auth: { user: '', pass: '' } } }","timestamp":"2015-10-06T15:57:48.206Z"}
{"level":"info","message":"Server started.","timestamp":"2015-10-06T15:57:48.208Z"}
{"level":"info","message":"Listening on port: 8080","timestamp":"2015-10-06T15:57:48.208Z"}
{"level":"info","message":"Loaded configuration: \n{ server: { ip: 'localhost', port: 8080 },\n  database: \n   { host: 'localhost',\n     port: 3306,\n     user: '',\n     password: '',\n     database: 'counterdraft_development',\n     table: 'log',\n     level: 'info',\n     multipleStatements: true },\n  email: \n   { service: 'Gmail',\n     secureConnection: true,\n     port: 465,\n     transportMethod: 'SMTP',\n     auth: { user: '', pass: '' } } }","timestamp":"2015-10-06T15:58:26.373Z"}
{"level":"info","message":"Server started.","timestamp":"2015-10-06T15:58:26.374Z"}
{"level":"info","message":"Listening on port: 8080","timestamp":"2015-10-06T15:58:26.374Z"}
{"level":"info","message":"Loaded configuration: \n{ server: { ip: 'localhost', port: 8080 },\n  database: \n   { host: 'localhost',\n     port: 3306,\n     user: '',\n     password: '',\n     database: 'counterdraft_development',\n     table: 'log',\n     level: 'info',\n     multipleStatements: true },\n  email: \n   { service: 'Gmail',\n     secureConnection: true,\n     port: 465,\n     transportMethod: 'SMTP',\n     auth: { user: '', pass: '' } } }","timestamp":"2015-10-06T15:59:13.210Z"}
{"level":"info","message":"Server started.","timestamp":"2015-10-06T15:59:13.211Z"}
{"level":"info","message":"Listening on port: 8080","timestamp":"2015-10-06T15:59:13.211Z"}
{"level":"info","message":"Loaded configuration: \n{ server: { ip: 'localhost', port: 8080 },\n  database: \n   { host: 'localhost',\n     port: 3306,\n     user: '',\n     password: '',\n     database: 'counterdraft_development',\n     table: 'log',\n     level: 'info',\n     multipleStatements: true },\n  email: \n   { service: 'Gmail',\n     secureConnection: true,\n     port: 465,\n     transportMethod: 'SMTP',\n     auth: { user: '', pass: '' } } }","timestamp":"2015-10-06T16:03:53.233Z"}
{"level":"info","message":"Server started.","timestamp":"2015-10-06T16:03:53.234Z"}
{"level":"info","message":"Listening on port: 8080","timestamp":"2015-10-06T16:03:53.235Z"}
{"level":"info","message":"Loaded configuration: \n{ server: { ip: 'localhost', port: 8080 },\n  database: \n   { host: 'localhost',\n     port: 3306,\n     user: '',\n     password: '',\n     database: 'counterdraft_development',\n     table: 'log',\n     level: 'info',\n     multipleStatements: true },\n  email: \n   { service: 'Gmail',\n     secureConnection: true,\n     port: 465,\n     transportMethod: 'SMTP',\n     auth: { user: '', pass: '' } } }","timestamp":"2015-10-06T16:05:16.343Z"}
{"level":"info","message":"Server started.","timestamp":"2015-10-06T16:05:16.344Z"}
{"level":"info","message":"Listening on port: 8080","timestamp":"2015-10-06T16:05:16.345Z"}
{"level":"info","message":"Loaded configuration: \n{ server: { ip: 'localhost', port: 8080 },\n  database: \n   { host: 'localhost',\n     port: 3306,\n     user: '',\n     password: '',\n     database: 'counterdraft_development',\n     table: 'log',\n     level: 'info',\n     multipleStatements: true },\n  email: \n   { service: 'Gmail',\n     secureConnection: true,\n     port: 465,\n     transportMethod: 'SMTP',\n     auth: { user: '', pass: '' } } }","timestamp":"2015-10-06T16:05:50.847Z"}
{"level":"info","message":"Server started.","timestamp":"2015-10-06T16:05:50.848Z"}
{"level":"info","message":"Listening on port: 8080","timestamp":"2015-10-06T16:05:50.849Z"}
{"level":"info","message":"Loaded configuration: \n{ server: { ip: 'localhost', port: 8080 },\n  database: \n   { host: 'localhost',\n     port: 3306,\n     user: '',\n     password: '',\n     database: 'counterdraft_development',\n     table: 'log',\n     level: 'info',\n     multipleStatements: true },\n  email: \n   { service: 'Gmail',\n     secureConnection: true,\n     port: 465,\n     transportMethod: 'SMTP',\n     auth: { user: '', pass: '' } } }","timestamp":"2015-10-06T16:06:35.848Z"}
{"level":"info","message":"Server started.","timestamp":"2015-10-06T16:06:35.849Z"}
{"level":"info","message":"Listening on port: 8080","timestamp":"2015-10-06T16:06:35.850Z"}
{"level":"info","message":"Loaded configuration: \n{ server: { ip: 'localhost', port: 8080 },\n  database: \n   { host: 'localhost',\n     port: 3306,\n     user: '',\n     password: '',\n     database: 'counterdraft_development',\n     table: 'log',\n     level: 'info',\n     multipleStatements: true },\n  email: \n   { service: 'Gmail',\n     secureConnection: true,\n     port: 465,\n     transportMethod: 'SMTP',\n     auth: { user: '', pass: '' } } }","timestamp":"2015-10-06T16:07:10.449Z"}
{"level":"info","message":"Server started.","timestamp":"2015-10-06T16:07:10.451Z"}
{"level":"info","message":"Listening on port: 8080","timestamp":"2015-10-06T16:07:10.451Z"}
{"npm_config_save_dev":"","npm_package_dependencies_grunt_contrib_uglify":"*","npm_config_viewer":"man","npm_config_browser":"","npm_package_gitHead":"a230870d81c8f9c50c9c4c84b0edea69eaf9daec","MODE":"development","npm_config_rollback":"true","TERM_PROGRAM":"Apple_Terminal","NODE":"/usr/local/bin/node","npm_config_usage":"","npm_package_homepage":"https://github.com/CounterDraft/CounterDraft-App","npm_package_dependencies_nodemailer":"1.4.0","npm_config_globalignorefile":"/usr/local/etc/npmignore","npm_package_dependencies_less":"^2.5.1","npm_package_dependencies_grunt_contrib_requirejs":"^0.4.4","TERM":"xterm-256color","SHELL":"/bin/bash","npm_config_shell":"/bin/bash","npm_config_init_author_url":"","CLICOLOR":"1","npm_config_shrinkwrap":"true","npm_config_parseable":"","TMPDIR":"/var/folders/j4/7j1cxldn14z5zxjhg7c0cjhm0000gv/T/","npm_config_init_license":"ISC","Apple_PubSub_Socket_Render":"/private/tmp/com.apple.launchd.OE8b3dbP1p/Render","TERM_PROGRAM_VERSION":"343.7","npm_config_sign_git_tag":"","npm_config_init_author_email":"","npm_config_cache_max":"Infinity","npm_package_dependencies_uuid":"2.0.1","npm_config_long":"","npm_config_local_address":"","npm_config_git_tag_version":"true","npm_config_cert":"","npm_package_dependencies_mysql":"2.9.0","TERM_SESSION_ID":"3141D0F2-F046-407E-943A-273A0241AEF1","npm_config_registry":"https://registry.npmjs.org/","npm_config_npat":"","npm_config_fetch_retries":"2","npm_package_dependencies_q":"*","npm_package_dependencies_express_ejs_layouts":"^1.1.0","npm_package_repository_url":"https://github.com/CounterDraft/CounterDraft-App","npm_package_dependencies_passport_local":"^1.0.0","npm_config_versions":"","npm_config_message":"%s","npm_config_key":"","npm_package_readmeFilename":"README.md","npm_package_dependencies_angular":"^1.0.0","npm_package_description":"CounterDraft Webapp and API","USER":"jerumhubbert","npm_package_license":"MIT","npm_package_dependencies_passport_twitter":"^1.0.3","npm_config_globalconfig":"/usr/local/etc/npmrc","npm_package_dependencies_promise":"7.0.4","npm_config_always_auth":"","npm_package_dependencies_grunt_contrib_clean":"*","JS_PATH":"js","npm_package_dependencies_grunt_contrib_concat":"^0.5.1","SSH_AUTH_SOCK":"/private/tmp/com.apple.launchd.ZB75nv8ytK/Listeners","npm_config_spin":"true","__CF_USER_TEXT_ENCODING":"0x1FB:0x0:0x0","npm_execpath":"/usr/local/lib/node_modules/npm/bin/npm-cli.js","npm_config_cache_lock_retries":"10","npm_config_cafile":"","npm_package_dependencies_util":"*","npm_package_dependencies_grunt_cli":"*","web_app":"http://app.counterdraft.com","npm_config_heading":"npm","LSCOLORS":"GxFxCxDxBxegedabagaced","npm_config_proprietary_attribs":"true","npm_config_fetch_retry_mintimeout":"10000","npm_config_json":"","npm_config_argv":"{\"remain\":[],\"cooked\":[\"start\"],\"original\":[\"start\"]}","npm_package_dependencies_underscore":"^1.8.3","npm_package_scripts_postinstall":"grunt","PATH":"/usr/local/lib/node_modules/npm/bin/node-gyp-bin:/Users/jerumhubbert/development/CounterDraft-App/node_modules/.bin:/opt/local/bin:/opt/local/sbin:/opt/gradle-2.3/bin:/Users/jerumhubbert/android-sdk-macosx/tools:/Users/jerumhubbert/android-sdk-macosx/platform-tools:/Users/jerumhubbert/apache-maven-3.2.3/bin:/Applications/Postgres.app/Contents/Versions/9.4/bin:/Users/jerumhubbert/homebrew/bin:/usr/local/bin:/usr/bin:/bin:/usr/sbin:/sbin","npm_package_dependencies_passport_facebook":"^2.0.0","npm_config_https_proxy":"","npm_config_engine_strict":"","npm_config_description":"true","_":"/usr/local/bin/node","npm_config_userconfig":"/Users/jerumhubbert/.npmrc","npm_config_init_module":"/Users/jerumhubbert/.npm-init.js","npm_package_dependencies_express_authorization":"^1.0.0","npm_package_dependencies_method_override":"^2.3.5","npm_package_dependencies_bootstrap":"^3.3.5","PWD":"/Users/jerumhubbert/development/CounterDraft-App","npm_config_user":"","npm_config_node_version":"0.10.33","npm_package_bugs_url":"https://github.com/CounterDraft/CounterDraft-App/issues","npm_package_dependencies_backbone":"^1.2.3","JAVA_HOME":"/Library/Java/JavaVirtualMachines/jdk1.7.0_79.jdk/Contents/Home","npm_lifecycle_event":"start","npm_config_save":"","npm_config_editor":"vi","npm_package_keywords_0":"node","npm_package_repository_type":"git","npm_package_name":"CounterDraft-App","LANG":"en_US.UTF-8","npm_config_tag":"latest","npm_package_keywords_1":"heroku","npm_package_dependencies_body_parser":"^1.14.0","npm_config_global":"","npm_package_keywords_2":"express","npm_package_scripts_start":"node index.js","npm_config_optional":"true","XPC_FLAGS":"0x0","npm_config_force":"","npm_config_bin_links":"true","npm_config_searchopts":"","npm_package_engines_node":"0.12.2","npm_package_dependencies_grunt":"*","npm_config_depth":"Infinity","npm_package_dependencies_express_session":"1.11.3","npm_package_main":"index.js","npm_config_searchsort":"name","npm_config_rebuild_bundle":"true","npm_package_dependencies_winston":"1.0.1","npm_package_version":"0.0.1","XPC_SERVICE_NAME":"0","npm_config_unicode":"true","npm_package_dependencies_dateformat":"1.0.11","HOME":"/Users/jerumhubbert","SHLVL":"2","npm_config_fetch_retry_maxtimeout":"60000","npm_config_strict_ssl":"true","npm_config_save_prefix":"^","npm_config_loglevel":"warn","npm_config_ca":"","npm_package_dependencies_passport_google":"^0.3.0","npm_package_dependencies_cookie_parser":"^1.3.5","npm_package_dependencies_orchestrate":"^0.5.0","npm_config_save_exact":"","npm_config_group":"20","npm_config_fetch_retry_factor":"10","npm_config_dev":"","npm_config_version":"","npm_config_cache_lock_stale":"60000","npm_package_dependencies_validator":"4.0.6","npm_package_dependencies_morgan":"^1.6.1","npm_config_cache_min":"10","npm_config_searchexclude":"","npm_config_cache":"/Users/jerumhubbert/.npm","npm_package_dependencies_requirejs":"^2.1.20","LOGNAME":"jerumhubbert","npm_lifecycle_script":"node index.js","npm_config_color":"true","npm_config_proxy":"","npm_package_dependencies_googlemaps":"^1.0.1","npm_package_dependencies_grunt_contrib_copy":"^0.8.1","npm_package_dependencies_bcryptjs":"^2.2.1","npm_config_save_optional":"","npm_package_dependencies_jquery":"^2.1.4","npm_config_ignore_scripts":"","npm_config_user_agent":"npm/2.1.11 node/v0.10.33 darwin x64","npm_config_cache_lock_wait":"10000","npm_package_dependencies_grunt_contrib_less":"*","npm_config_production":"","npm_config_save_bundle":"","npm_package_dependencies_express":"^4.13.3","npm_config_umask":"18","npm_config_init_version":"1.0.0","app_api":"http://app.counterdraft.com/api","npm_config_scope":"","npm_config_init_author_name":"","npm_config_git":"git","npm_config_unsafe_perm":"true","npm_config_tmp":"/var/folders/j4/7j1cxldn14z5zxjhg7c0cjhm0000gv/T","npm_config_onload_script":"","npm_package_dependencies_winston_mysql_transport":"0.1.2","npm_node_execpath":"/usr/local/bin/node","npm_config_link":"","npm_config_prefix":"/usr/local","npm_package_dependencies_passport":"^0.3.0 ","npm_package_dependencies_ejs":"^2.3.1","level":"info","message":"","timestamp":"2015-10-06T16:09:43.239Z"}
{"level":"info","message":"Loaded configuration: \n{ environment: \n   { npm_config_save_dev: '',\n     npm_package_dependencies_grunt_contrib_uglify: '*',\n     npm_config_viewer: 'man',\n     npm_config_browser: '',\n     npm_package_gitHead: 'a230870d81c8f9c50c9c4c84b0edea69eaf9daec',\n     MODE: 'development',\n     npm_config_rollback: 'true',\n     TERM_PROGRAM: 'Apple_Terminal',\n     NODE: '/usr/local/bin/node',\n     npm_config_usage: '',\n     npm_package_homepage: 'https://github.com/CounterDraft/CounterDraft-App',\n     npm_package_dependencies_nodemailer: '1.4.0',\n     npm_config_globalignorefile: '/usr/local/etc/npmignore',\n     npm_package_dependencies_less: '^2.5.1',\n     npm_package_dependencies_grunt_contrib_requirejs: '^0.4.4',\n     TERM: 'xterm-256color',\n     SHELL: '/bin/bash',\n     npm_config_shell: '/bin/bash',\n     npm_config_init_author_url: '',\n     CLICOLOR: '1',\n     npm_config_shrinkwrap: 'true',\n     npm_config_parseable: '',\n     TMPDIR: '/var/folders/j4/7j1cxldn14z5zxjhg7c0cjhm0000gv/T/',\n     npm_config_init_license: 'ISC',\n     Apple_PubSub_Socket_Render: '/private/tmp/com.apple.launchd.OE8b3dbP1p/Render',\n     TERM_PROGRAM_VERSION: '343.7',\n     npm_config_sign_git_tag: '',\n     npm_config_init_author_email: '',\n     npm_config_cache_max: 'Infinity',\n     npm_package_dependencies_uuid: '2.0.1',\n     npm_config_long: '',\n     npm_config_local_address: '',\n     npm_config_git_tag_version: 'true',\n     npm_config_cert: '',\n     npm_package_dependencies_mysql: '2.9.0',\n     TERM_SESSION_ID: '3141D0F2-F046-407E-943A-273A0241AEF1',\n     npm_config_registry: 'https://registry.npmjs.org/',\n     npm_config_npat: '',\n     npm_config_fetch_retries: '2',\n     npm_package_dependencies_q: '*',\n     npm_package_dependencies_express_ejs_layouts: '^1.1.0',\n     npm_package_repository_url: 'https://github.com/CounterDraft/CounterDraft-App',\n     npm_package_dependencies_passport_local: '^1.0.0',\n     npm_config_versions: '',\n     npm_config_message: '%s',\n     npm_config_key: '',\n     npm_package_readmeFilename: 'README.md',\n     npm_package_dependencies_angular: '^1.0.0',\n     npm_package_description: 'CounterDraft Webapp and API',\n     USER: 'jerumhubbert',\n     npm_package_license: 'MIT',\n     npm_package_dependencies_passport_twitter: '^1.0.3',\n     npm_config_globalconfig: '/usr/local/etc/npmrc',\n     npm_package_dependencies_promise: '7.0.4',\n     npm_config_always_auth: '',\n     npm_package_dependencies_grunt_contrib_clean: '*',\n     JS_PATH: 'js',\n     npm_package_dependencies_grunt_contrib_concat: '^0.5.1',\n     SSH_AUTH_SOCK: '/private/tmp/com.apple.launchd.ZB75nv8ytK/Listeners',\n     npm_config_spin: 'true',\n     __CF_USER_TEXT_ENCODING: '0x1FB:0x0:0x0',\n     npm_execpath: '/usr/local/lib/node_modules/npm/bin/npm-cli.js',\n     npm_config_cache_lock_retries: '10',\n     npm_config_cafile: '',\n     npm_package_dependencies_util: '*',\n     npm_package_dependencies_grunt_cli: '*',\n     web_app: 'http://app.counterdraft.com',\n     npm_config_heading: 'npm',\n     LSCOLORS: 'GxFxCxDxBxegedabagaced',\n     npm_config_proprietary_attribs: 'true',\n     npm_config_fetch_retry_mintimeout: '10000',\n     npm_config_json: '',\n     npm_config_argv: '{\"remain\":[],\"cooked\":[\"start\"],\"original\":[\"start\"]}',\n     npm_package_dependencies_underscore: '^1.8.3',\n     npm_package_scripts_postinstall: 'grunt',\n     PATH: '/usr/local/lib/node_modules/npm/bin/node-gyp-bin:/Users/jerumhubbert/development/CounterDraft-App/node_modules/.bin:/opt/local/bin:/opt/local/sbin:/opt/gradle-2.3/bin:/Users/jerumhubbert/android-sdk-macosx/tools:/Users/jerumhubbert/android-sdk-macosx/platform-tools:/Users/jerumhubbert/apache-maven-3.2.3/bin:/Applications/Postgres.app/Contents/Versions/9.4/bin:/Users/jerumhubbert/homebrew/bin:/usr/local/bin:/usr/bin:/bin:/usr/sbin:/sbin',\n     npm_package_dependencies_passport_facebook: '^2.0.0',\n     npm_config_https_proxy: '',\n     npm_config_engine_strict: '',\n     npm_config_description: 'true',\n     _: '/usr/local/bin/node',\n     npm_config_userconfig: '/Users/jerumhubbert/.npmrc',\n     npm_config_init_module: '/Users/jerumhubbert/.npm-init.js',\n     npm_package_dependencies_express_authorization: '^1.0.0',\n     npm_package_dependencies_method_override: '^2.3.5',\n     npm_package_dependencies_bootstrap: '^3.3.5',\n     PWD: '/Users/jerumhubbert/development/CounterDraft-App',\n     npm_config_user: '',\n     npm_config_node_version: '0.10.33',\n     npm_package_bugs_url: 'https://github.com/CounterDraft/CounterDraft-App/issues',\n     npm_package_dependencies_backbone: '^1.2.3',\n     JAVA_HOME: '/Library/Java/JavaVirtualMachines/jdk1.7.0_79.jdk/Contents/Home',\n     npm_lifecycle_event: 'start',\n     npm_config_save: '',\n     npm_config_editor: 'vi',\n     npm_package_keywords_0: 'node',\n     npm_package_repository_type: 'git',\n     npm_package_name: 'CounterDraft-App',\n     LANG: 'en_US.UTF-8',\n     npm_config_tag: 'latest',\n     npm_package_keywords_1: 'heroku',\n     npm_package_dependencies_body_parser: '^1.14.0',\n     npm_config_global: '',\n     npm_package_keywords_2: 'express',\n     npm_package_scripts_start: 'node index.js',\n     npm_config_optional: 'true',\n     XPC_FLAGS: '0x0',\n     npm_config_force: '',\n     npm_config_bin_links: 'true',\n     npm_config_searchopts: '',\n     npm_package_engines_node: '0.12.2',\n     npm_package_dependencies_grunt: '*',\n     npm_config_depth: 'Infinity',\n     npm_package_dependencies_express_session: '1.11.3',\n     npm_package_main: 'index.js',\n     npm_config_searchsort: 'name',\n     npm_config_rebuild_bundle: 'true',\n     npm_package_dependencies_winston: '1.0.1',\n     npm_package_version: '0.0.1',\n     XPC_SERVICE_NAME: '0',\n     npm_config_unicode: 'true',\n     npm_package_dependencies_dateformat: '1.0.11',\n     HOME: '/Users/jerumhubbert',\n     SHLVL: '2',\n     npm_config_fetch_retry_maxtimeout: '60000',\n     npm_config_strict_ssl: 'true',\n     npm_config_save_prefix: '^',\n     npm_config_loglevel: 'warn',\n     npm_config_ca: '',\n     npm_package_dependencies_passport_google: '^0.3.0',\n     npm_package_dependencies_cookie_parser: '^1.3.5',\n     npm_package_dependencies_orchestrate: '^0.5.0',\n     npm_config_save_exact: '',\n     npm_config_group: '20',\n     npm_config_fetch_retry_factor: '10',\n     npm_config_dev: '',\n     npm_config_version: '',\n     npm_config_cache_lock_stale: '60000',\n     npm_package_dependencies_validator: '4.0.6',\n     npm_package_dependencies_morgan: '^1.6.1',\n     npm_config_cache_min: '10',\n     npm_config_searchexclude: '',\n     npm_config_cache: '/Users/jerumhubbert/.npm',\n     npm_package_dependencies_requirejs: '^2.1.20',\n     LOGNAME: 'jerumhubbert',\n     npm_lifecycle_script: 'node index.js',\n     npm_config_color: 'true',\n     npm_config_proxy: '',\n     npm_package_dependencies_googlemaps: '^1.0.1',\n     npm_package_dependencies_grunt_contrib_copy: '^0.8.1',\n     npm_package_dependencies_bcryptjs: '^2.2.1',\n     npm_config_save_optional: '',\n     npm_package_dependencies_jquery: '^2.1.4',\n     npm_config_ignore_scripts: '',\n     npm_config_user_agent: 'npm/2.1.11 node/v0.10.33 darwin x64',\n     npm_config_cache_lock_wait: '10000',\n     npm_package_dependencies_grunt_contrib_less: '*',\n     npm_config_production: '',\n     npm_config_save_bundle: '',\n     npm_package_dependencies_express: '^4.13.3',\n     npm_config_umask: '18',\n     npm_config_init_version: '1.0.0',\n     app_api: 'http://app.counterdraft.com/api',\n     npm_config_scope: '',\n     npm_config_init_author_name: '',\n     npm_config_git: 'git',\n     npm_config_unsafe_perm: 'true',\n     npm_config_tmp: '/var/folders/j4/7j1cxldn14z5zxjhg7c0cjhm0000gv/T',\n     npm_config_onload_script: '',\n     npm_package_dependencies_winston_mysql_transport: '0.1.2',\n     npm_node_execpath: '/usr/local/bin/node',\n     npm_config_link: '',\n     npm_config_prefix: '/usr/local',\n     npm_package_dependencies_passport: '^0.3.0 ',\n     npm_package_dependencies_ejs: '^2.3.1' },\n  server: { ip: 'localhost', port: 8080 },\n  database: \n   { host: 'localhost',\n     port: 3306,\n     user: '',\n     password: '',\n     database: 'counterdraft_development',\n     table: 'log',\n     level: 'info',\n     multipleStatements: true },\n  email: \n   { service: 'Gmail',\n     secureConnection: true,\n     port: 465,\n     transportMethod: 'SMTP',\n     auth: { user: '', pass: '' } } }","timestamp":"2015-10-06T16:09:43.248Z"}
{"level":"info","message":"Server started.","timestamp":"2015-10-06T16:09:43.248Z"}
{"level":"info","message":"Listening on port: 8080","timestamp":"2015-10-06T16:09:43.249Z"}
{"level":"info","message":"development","timestamp":"2015-10-06T16:10:44.997Z"}
{"level":"info","message":"Loaded configuration: \n{ environment: 'development',\n  server: { ip: 'localhost', port: 8080 },\n  database: \n   { host: 'localhost',\n     port: 3306,\n     user: '',\n     password: '',\n     database: 'counterdraft_development',\n     table: 'log',\n     level: 'info',\n     multipleStatements: true },\n  email: \n   { service: 'Gmail',\n     secureConnection: true,\n     port: 465,\n     transportMethod: 'SMTP',\n     auth: { user: '', pass: '' } } }","timestamp":"2015-10-06T16:10:44.999Z"}
{"level":"info","message":"Server started.","timestamp":"2015-10-06T16:10:44.999Z"}
{"level":"info","message":"Listening on port: 8080","timestamp":"2015-10-06T16:10:45.000Z"}
{"level":"warn","message":"Creating the Build, please wait...","timestamp":"2015-10-06T20:38:38.759Z"}
{"level":"info","message":"Loaded configuration: \n{ environment: 'development',\n  server: { ip: 'localhost', port: 8080 },\n  database: \n   { host: 'localhost',\n     port: 3306,\n     user: '',\n     password: '',\n     database: 'counterdraft_development',\n     table: 'log',\n     level: 'info',\n     multipleStatements: true },\n  email: \n   { service: 'Gmail',\n     secureConnection: true,\n     port: 465,\n     transportMethod: 'SMTP',\n     auth: { user: '', pass: '' } } }","timestamp":"2015-10-06T20:38:39.496Z"}
{"level":"info","message":"Server started.","timestamp":"2015-10-06T20:38:39.496Z"}
{"level":"info","message":"Listening on port: 8080","timestamp":"2015-10-06T20:38:39.496Z"}
{"level":"info","message":"Loaded configuration: \n{ environment: 'development',\n  server: { ip: 'localhost', port: 8080 },\n  database: \n   { host: 'localhost',\n     port: 3306,\n     user: '',\n     password: '',\n     database: 'counterdraft_development',\n     table: 'log',\n     level: 'info',\n     multipleStatements: true },\n  email: \n   { service: 'Gmail',\n     secureConnection: true,\n     port: 465,\n     transportMethod: 'SMTP',\n     auth: { user: '', pass: '' } } }","timestamp":"2015-10-06T20:40:04.442Z"}
{"level":"info","message":"Server started.","timestamp":"2015-10-06T20:40:04.443Z"}
{"level":"info","message":"Listening on port: 8080","timestamp":"2015-10-06T20:40:04.443Z"}
{"level":"info","message":"Loaded configuration: \n{ environment: 'development',\n  server: { ip: 'localhost', port: 8080 },\n  database: \n   { host: 'localhost',\n     port: 3306,\n     user: '',\n     password: '',\n     database: 'counterdraft_development',\n     table: 'log',\n     level: 'info',\n     multipleStatements: true },\n  email: \n   { service: 'Gmail',\n     secureConnection: true,\n     port: 465,\n     transportMethod: 'SMTP',\n     auth: { user: '', pass: '' } } }","timestamp":"2015-10-06T20:41:37.368Z"}
{"level":"info","message":"Server started in development mode.","timestamp":"2015-10-06T20:41:37.369Z"}
{"level":"info","message":"Listening on port: 8080","timestamp":"2015-10-06T20:41:37.370Z"}
